11:26:10.138 [restartedMain] === INFO  c.springboot.bishe.BisheApplication - Starting BisheApplication using Java 1.8.0_77 on LAPTOP-QKPQUROD with PID 13708 (D:\Test-biyesheji\bishe\target\classes started by 浪漫 in D:\Test-biyesheji)
11:26:10.146 [restartedMain] === INFO  c.springboot.bishe.BisheApplication - No active profile set, falling back to default profiles: default
11:26:10.348 [restartedMain] === INFO  o.s.b.d.e.DevToolsPropertyDefaultsPostProcessor - Devtools property defaults active! Set 'spring.devtools.add-properties' to 'false' to disable
11:26:10.350 [restartedMain] === INFO  o.s.b.d.e.DevToolsPropertyDefaultsPostProcessor - For additional web related logging consider setting the 'logging.level.web' property to 'DEBUG'
11:26:13.398 [restartedMain] === INFO  o.s.d.r.c.RepositoryConfigurationDelegate - Multiple Spring Data modules found, entering strict repository configuration mode!
11:26:13.407 [restartedMain] === INFO  o.s.d.r.c.RepositoryConfigurationDelegate - Bootstrapping Spring Data Redis repositories in DEFAULT mode.
11:26:13.592 [restartedMain] === INFO  o.s.d.r.c.RepositoryConfigurationDelegate - Finished Spring Data repository scanning in 135 ms. Found 0 Redis repository interfaces.
11:26:14.592 [restartedMain] === INFO  o.s.c.s.PostProcessorRegistrationDelegate$BeanPostProcessorChecker - Bean 'shiroConfig' of type [com.springboot.bishe.config.shiro.shiroConfig$$EnhancerBySpringCGLIB$$1235a76d] is not eligible for getting processed by all BeanPostProcessors (for example: not eligible for auto-proxying)
11:26:14.716 [restartedMain] === INFO  o.s.c.s.PostProcessorRegistrationDelegate$BeanPostProcessorChecker - Bean 'UserRealm' of type [com.springboot.bishe.config.shiro.UserRealm] is not eligible for getting processed by all BeanPostProcessors (for example: not eligible for auto-proxying)
11:26:14.953 [restartedMain] === INFO  o.s.c.s.PostProcessorRegistrationDelegate$BeanPostProcessorChecker - Bean 'rememberMeCookie' of type [org.apache.shiro.web.servlet.SimpleCookie] is not eligible for getting processed by all BeanPostProcessors (for example: not eligible for auto-proxying)
11:26:14.960 [restartedMain] === INFO  o.s.c.s.PostProcessorRegistrationDelegate$BeanPostProcessorChecker - Bean 'rememberMeManager' of type [org.apache.shiro.web.mgt.CookieRememberMeManager] is not eligible for getting processed by all BeanPostProcessors (for example: not eligible for auto-proxying)
11:26:14.993 [restartedMain] === INFO  o.s.c.s.PostProcessorRegistrationDelegate$BeanPostProcessorChecker - Bean 'securityManager' of type [org.apache.shiro.web.mgt.DefaultWebSecurityManager] is not eligible for getting processed by all BeanPostProcessors (for example: not eligible for auto-proxying)
11:26:15.628 [restartedMain] === INFO  o.s.b.w.e.tomcat.TomcatWebServer - Tomcat initialized with port(s): 8080 (http)
11:26:15.640 [restartedMain] === INFO  o.a.coyote.http11.Http11NioProtocol - Initializing ProtocolHandler ["http-nio-8080"]
11:26:15.641 [restartedMain] === INFO  o.a.catalina.core.StandardService - Starting service [Tomcat]
11:26:15.641 [restartedMain] === INFO  o.a.catalina.core.StandardEngine - Starting Servlet engine: [Apache Tomcat/9.0.44]
11:26:15.644 [restartedMain] === INFO  o.a.c.core.AprLifecycleListener - Loaded Apache Tomcat Native library [1.2.23] using APR version [1.7.0].
11:26:15.644 [restartedMain] === INFO  o.a.c.core.AprLifecycleListener - APR capabilities: IPv6 [true], sendfile [true], accept filters [false], random [true].
11:26:15.645 [restartedMain] === INFO  o.a.c.core.AprLifecycleListener - APR/OpenSSL configuration: useAprConnector [false], useOpenSSL [true]
11:26:15.673 [restartedMain] === INFO  o.a.c.core.AprLifecycleListener - OpenSSL successfully initialized [OpenSSL 1.1.1c  28 May 2019]
11:26:16.035 [restartedMain] === INFO  o.a.c.c.C.[Tomcat].[localhost].[/] - Initializing Spring embedded WebApplicationContext
11:26:16.035 [restartedMain] === INFO  o.s.b.w.s.c.ServletWebServerApplicationContext - Root WebApplicationContext: initialization completed in 5682 ms
11:26:16.124 [restartedMain] === INFO  o.s.b.web.servlet.RegistrationBean - Servlet statViewServlet was not registered (possibly already registered?)
11:26:16.129 [restartedMain] === INFO  o.s.b.web.servlet.RegistrationBean - Filter webStatFilter was not registered (possibly already registered?)
11:26:17.762 [restartedMain] === INFO  s.d.s.w.PropertySourcedRequestMappingHandlerMapping - Mapped URL path [/v2/api-docs] onto method [springfox.documentation.swagger2.web.Swagger2Controller#getDocumentation(String, HttpServletRequest)]
11:26:17.940 [restartedMain] === INFO  o.s.s.c.ThreadPoolTaskExecutor - Initializing ExecutorService 'applicationTaskExecutor'
11:26:18.028 [restartedMain] === INFO  o.s.b.d.a.OptionalLiveReloadServer - LiveReload server is running on port 35729
11:26:19.235 [restartedMain] === INFO  org.quartz.impl.StdSchedulerFactory - Using default implementation for ThreadExecutor
11:26:19.255 [restartedMain] === INFO  o.quartz.core.SchedulerSignalerImpl - Initialized Scheduler Signaller of type: class org.quartz.core.SchedulerSignalerImpl
11:26:19.255 [restartedMain] === INFO  org.quartz.core.QuartzScheduler - Quartz Scheduler v.2.3.1 created.
11:26:19.256 [restartedMain] === INFO  org.quartz.simpl.RAMJobStore - RAMJobStore initialized.
11:26:19.257 [restartedMain] === INFO  org.quartz.core.QuartzScheduler - Scheduler meta-data: Quartz Scheduler (v2.3.1) 'quartzScheduler' with instanceId 'NON_CLUSTERED'
  Scheduler class: 'org.quartz.core.QuartzScheduler' - running locally.
  NOT STARTED.
  Currently in standby mode.
  Number of jobs executed: 0
  Using thread pool 'org.quartz.simpl.SimpleThreadPool' - with 10 threads.
  Using job-store 'org.quartz.simpl.RAMJobStore' - which does not support persistence. and is not clustered.

11:26:19.258 [restartedMain] === INFO  org.quartz.impl.StdSchedulerFactory - Quartz scheduler 'quartzScheduler' initialized from an externally provided properties instance.
11:26:19.258 [restartedMain] === INFO  org.quartz.impl.StdSchedulerFactory - Quartz scheduler version: 2.3.1
11:26:19.258 [restartedMain] === INFO  org.quartz.core.QuartzScheduler - JobFactory set to: org.springframework.scheduling.quartz.SpringBeanJobFactory@4f8c5527
11:26:19.690 [restartedMain] === INFO  o.a.coyote.http11.Http11NioProtocol - Starting ProtocolHandler ["http-nio-8080"]
11:26:19.732 [restartedMain] === INFO  o.s.b.w.e.tomcat.TomcatWebServer - Tomcat started on port(s): 8080 (http) with context path ''
11:26:19.733 [restartedMain] === INFO  s.d.s.w.p.DocumentationPluginsBootstrapper - Context refreshed
11:26:19.764 [restartedMain] === INFO  s.d.s.w.p.DocumentationPluginsBootstrapper - Found 1 custom documentation plugin(s)
11:26:19.822 [restartedMain] === INFO  s.d.s.w.s.ApiListingReferenceScanner - Scanning for api listing references
11:26:19.851 [restartedMain] === INFO  o.s.s.quartz.SchedulerFactoryBean - Starting Quartz Scheduler now
11:26:19.852 [restartedMain] === INFO  org.quartz.core.QuartzScheduler - Scheduler quartzScheduler_$_NON_CLUSTERED started.
11:26:19.873 [restartedMain] === INFO  c.springboot.bishe.BisheApplication - Started BisheApplication in 10.572 seconds (JVM running for 14.105)
11:26:28.329 [http-nio-8080-exec-1] === INFO  o.a.c.c.C.[Tomcat].[localhost].[/] - Initializing Spring DispatcherServlet 'dispatcherServlet'
11:26:28.329 [http-nio-8080-exec-1] === INFO  o.s.web.servlet.DispatcherServlet - Initializing Servlet 'dispatcherServlet'
11:26:28.334 [http-nio-8080-exec-1] === INFO  o.s.web.servlet.DispatcherServlet - Completed initialization in 4 ms
